<?xml version="1.0" encoding="UTF-8"?>
<!-- Generated by org.testng.reporters.JUnitReportReporter -->
<testsuite hostname="AnbuPC" failures="0" tests="1" name="runner.TestRunner" time="3.852" errors="0" timestamp="2025-02-19T17:25:48 EST" skipped="0">
  <testcase classname="runner.TestRunner" name="runScenario" time="3.852"/>
</testsuite> <!-- runner.TestRunner -->
